[2018-10-23 17:11:40.275] [DEBUG] FabricConfiguration - Msp ID : Org1MSP
[2018-10-23 17:11:40.348] [DEBUG] FabricConfiguration - Msp ID : Org1MSP
[2018-10-23 17:11:40.524] [INFO] main - Please set logger.setLevel to DEBUG in ./app/helper.js to log the debugging.
[2018-10-23 17:11:40.524] [INFO] main - Please set logger.setLevel to DEBUG in ./app/helper.js to log the debugging.
[2018-10-23 17:11:40.721] [DEBUG] Query - ===========================================
[2018-10-23 17:11:40.721] [DEBUG] Query - ByteBuffer {
  buffer: <Buffer 08 02 12 20 71 c4 09 00 44 52 63 6d a6 8b 22 d9 ee 2e 03 a9 19 c3 12 d2 e6 88 2a 95 2b 8b a5 27 c0 f2 e9 f6 1a 20 c4 6d 75 c0 c2 cb 8e 70 61 0d 28 c3 ... >,
  offset: 4,
  markedOffset: -1,
  limit: 36,
  littleEndian: true,
  noAssert: false }
[2018-10-23 17:11:40.722] [DEBUG] Query - ===========================================
[2018-10-23 17:11:40.723] [DEBUG] Query - ===========================================
[2018-10-23 17:11:40.723] [DEBUG] Query - ByteBuffer {
  buffer: <Buffer 08 02 12 20 71 c4 09 00 44 52 63 6d a6 8b 22 d9 ee 2e 03 a9 19 c3 12 d2 e6 88 2a 95 2b 8b a5 27 c0 f2 e9 f6 1a 20 c4 6d 75 c0 c2 cb 8e 70 61 0d 28 c3 ... >,
  offset: 4,
  markedOffset: -1,
  limit: 36,
  littleEndian: true,
  noAssert: false }
[2018-10-23 17:11:40.723] [DEBUG] Query - ===========================================
[2018-10-23 17:15:04.674] [DEBUG] FabricConfiguration - Msp ID : Org1MSP
[2018-10-23 17:15:04.685] [DEBUG] FabricConfiguration - Msp ID : Org1MSP
[2018-10-23 17:15:04.740] [INFO] main - Please set logger.setLevel to DEBUG in ./app/helper.js to log the debugging.
[2018-10-23 17:15:04.740] [INFO] main - Please set logger.setLevel to DEBUG in ./app/helper.js to log the debugging.
[2018-10-23 17:15:04.779] [DEBUG] Query - ===========================================
[2018-10-23 17:15:04.779] [DEBUG] Query - ByteBuffer {
  buffer: <Buffer 08 02 12 20 71 c4 09 00 44 52 63 6d a6 8b 22 d9 ee 2e 03 a9 19 c3 12 d2 e6 88 2a 95 2b 8b a5 27 c0 f2 e9 f6 1a 20 c4 6d 75 c0 c2 cb 8e 70 61 0d 28 c3 ... >,
  offset: 4,
  markedOffset: -1,
  limit: 36,
  littleEndian: true,
  noAssert: false }
[2018-10-23 17:15:04.780] [DEBUG] Query - ===========================================
[2018-10-23 17:15:04.824] [DEBUG] Query - <<< Instantiated Chaincodes >>>
[2018-10-23 17:15:04.824] [DEBUG] Query - name: insurance, version: 1.0, path: github.com/insurance
[2018-10-23 17:15:04.837] [DEBUG] Query - ===========================================
[2018-10-23 17:15:04.837] [DEBUG] Query - ByteBuffer {
  buffer: <Buffer 08 02 12 20 71 c4 09 00 44 52 63 6d a6 8b 22 d9 ee 2e 03 a9 19 c3 12 d2 e6 88 2a 95 2b 8b a5 27 c0 f2 e9 f6 1a 20 c4 6d 75 c0 c2 cb 8e 70 61 0d 28 c3 ... >,
  offset: 4,
  markedOffset: -1,
  limit: 36,
  littleEndian: true,
  noAssert: false }
[2018-10-23 17:22:28.741] [DEBUG] FabricConfiguration - Msp ID : Org1MSP
[2018-10-23 17:22:28.757] [DEBUG] FabricConfiguration - Msp ID : Org1MSP
[2018-10-23 17:22:28.818] [INFO] main - Please set logger.setLevel to DEBUG in ./app/helper.js to log the debugging.
[2018-10-23 17:22:28.818] [INFO] main - Please set logger.setLevel to DEBUG in ./app/helper.js to log the debugging.
[2018-10-23 17:22:28.827] [DEBUG] Query - <<< Instantiated Chaincodes >>>
[2018-10-23 17:22:28.827] [DEBUG] Query - name: insurance, version: 1.0, path: github.com/insurance
[2018-10-23 17:22:28.866] [DEBUG] Query - ===========================================
[2018-10-23 17:22:28.866] [DEBUG] Query - ByteBuffer {
  buffer: <Buffer 08 02 12 20 71 c4 09 00 44 52 63 6d a6 8b 22 d9 ee 2e 03 a9 19 c3 12 d2 e6 88 2a 95 2b 8b a5 27 c0 f2 e9 f6 1a 20 c4 6d 75 c0 c2 cb 8e 70 61 0d 28 c3 ... >,
  offset: 4,
  markedOffset: -1,
  limit: 36,
  littleEndian: true,
  noAssert: false }
[2018-10-23 17:22:28.867] [DEBUG] Query - ===========================================
[2018-10-23 17:22:28.868] [DEBUG] Query - ===========================================
[2018-10-23 17:22:28.868] [DEBUG] Query - ByteBuffer {
  buffer: <Buffer 08 02 12 20 71 c4 09 00 44 52 63 6d a6 8b 22 d9 ee 2e 03 a9 19 c3 12 d2 e6 88 2a 95 2b 8b a5 27 c0 f2 e9 f6 1a 20 c4 6d 75 c0 c2 cb 8e 70 61 0d 28 c3 ... >,
  offset: 4,
  markedOffset: -1,
  limit: 36,
  littleEndian: true,
  noAssert: false }
[2018-10-23 17:22:28.868] [DEBUG] Query - ===========================================
[2018-10-23 17:31:25.975] [DEBUG] FabricConfiguration - Msp ID : Org1MSP
[2018-10-23 17:31:25.986] [DEBUG] FabricConfiguration - Msp ID : Org1MSP
[2018-10-23 17:31:26.044] [INFO] main - Please set logger.setLevel to DEBUG in ./app/helper.js to log the debugging.
[2018-10-23 17:31:26.044] [INFO] main - Please set logger.setLevel to DEBUG in ./app/helper.js to log the debugging.
[2018-10-23 17:34:16.535] [DEBUG] FabricConfiguration - Msp ID : Org1MSP
[2018-10-23 17:34:16.546] [DEBUG] FabricConfiguration - Msp ID : Org1MSP
[2018-10-23 17:34:16.586] [INFO] main - Please set logger.setLevel to DEBUG in ./app/helper.js to log the debugging.
[2018-10-23 17:34:16.586] [INFO] main - Please set logger.setLevel to DEBUG in ./app/helper.js to log the debugging.
[2018-10-23 17:34:16.592] [DEBUG] Query - <<< Instantiated Chaincodes >>>
[2018-10-23 17:34:16.592] [DEBUG] Query - name: insurance, version: 1.0, path: github.com/insurance
[2018-10-23 17:36:19.421] [DEBUG] FabricConfiguration - Msp ID : Org1MSP
[2018-10-23 17:36:19.432] [DEBUG] FabricConfiguration - Msp ID : Org1MSP
[2018-10-23 17:36:19.632] [INFO] main - Please set logger.setLevel to DEBUG in ./app/helper.js to log the debugging.
[2018-10-23 17:36:19.632] [INFO] main - Please set logger.setLevel to DEBUG in ./app/helper.js to log the debugging.
[2018-10-23 17:36:19.637] [DEBUG] Query - <<< Instantiated Chaincodes >>>
[2018-10-23 17:36:19.637] [DEBUG] Query - name: insurance, version: 1.0, path: github.com/insurance
[2018-10-23 18:44:26.017] [DEBUG] FabricConfiguration - Msp ID : Org1MSP
[2018-10-23 18:44:26.033] [DEBUG] FabricConfiguration - Msp ID : Org1MSP
[2018-10-23 18:44:26.151] [INFO] main - Please set logger.setLevel to DEBUG in ./app/helper.js to log the debugging.
[2018-10-23 18:44:26.151] [INFO] main - Please set logger.setLevel to DEBUG in ./app/helper.js to log the debugging.
[2018-10-23 18:44:26.172] [DEBUG] Query - <<< Instantiated Chaincodes >>>
[2018-10-23 18:44:26.172] [DEBUG] Query - name: Kare4u_20, version: 1.0, path: github.com/Kare4u_20
[2018-10-23 18:44:26.218] [DEBUG] Query - ===========================================
[2018-10-23 18:44:26.219] [DEBUG] Query - ByteBuffer {
  buffer: <Buffer 08 02 12 20 04 97 9f ce 9c d8 cc 7d 57 00 9d 73 1e de 11 b4 56 49 12 e9 4d 9f cc 43 e6 f0 d8 dc 9a eb a8 9e 1a 20 be 65 23 42 de 44 6f 65 aa 62 fc b8 ... >,
  offset: 4,
  markedOffset: -1,
  limit: 36,
  littleEndian: true,
  noAssert: false }
[2018-10-23 18:44:26.220] [DEBUG] Query - ===========================================
[2018-10-23 18:44:26.230] [DEBUG] Query - ===========================================
[2018-10-23 18:44:26.230] [DEBUG] Query - ByteBuffer {
  buffer: <Buffer 08 02 12 20 04 97 9f ce 9c d8 cc 7d 57 00 9d 73 1e de 11 b4 56 49 12 e9 4d 9f cc 43 e6 f0 d8 dc 9a eb a8 9e 1a 20 be 65 23 42 de 44 6f 65 aa 62 fc b8 ... >,
  offset: 4,
  markedOffset: -1,
  limit: 36,
  littleEndian: true,
  noAssert: false }
[2018-10-23 18:44:26.230] [DEBUG] Query - ===========================================
[2018-10-23 18:46:19.120] [DEBUG] FabricConfiguration - Msp ID : Org1MSP
[2018-10-23 18:46:19.131] [DEBUG] FabricConfiguration - Msp ID : Org1MSP
[2018-10-23 18:46:19.173] [INFO] main - Please set logger.setLevel to DEBUG in ./app/helper.js to log the debugging.
[2018-10-23 18:46:19.173] [INFO] main - Please set logger.setLevel to DEBUG in ./app/helper.js to log the debugging.
[2018-10-23 18:46:19.179] [DEBUG] Query - <<< Instantiated Chaincodes >>>
[2018-10-23 18:46:19.179] [DEBUG] Query - name: Kare4u_20, version: 1.0, path: github.com/Kare4u_20
